Using pre-set license
Built from '2020.2/staging' branch; Version is '2020.2.7f1 (c53830e277f1) revision 12924976'; Using compiler version '192528614'; Build Type 'Release'
OS: 'Windows 10 Home; OS build 18363.1379; Version 1909; 64bit' Language: 'en' Physical Memory: 16313 MB
BatchMode: 1, IsHumanControllingUs: 0, StartBugReporterOnCrash: 0, Is64bit: 1, IsPro: 0

 COMMAND LINE ARGUMENTS:
C:\Program Files\Unity\Hub\Editor\2020.2.7f1\Editor\Unity.exe
-adb2
-batchMode
-noUpm
-name
AssetImportWorker0
-projectPath
C:/Users/droid/Downloads/Inventory-Tutorial-Series-master/Inventory-Tutorial-Series-master/InventorySeries
-logFile
Logs/AssetImportWorker0.log
-srvPort
50943
Successfully changed project path to: C:/Users/droid/Downloads/Inventory-Tutorial-Series-master/Inventory-Tutorial-Series-master/InventorySeries
C:/Users/droid/Downloads/Inventory-Tutorial-Series-master/Inventory-Tutorial-Series-master/InventorySeries
Using Asset Import Pipeline V2.
Refreshing native plugins compatible for Editor in 50.26 ms, found 0 plugins.
Preloading 0 native plugins for Editor in 0.00 ms.
Initialize engine version: 2020.2.7f1 (c53830e277f1)
[Subsystems] Discovering subsystems at path C:/Program Files/Unity/Hub/Editor/2020.2.7f1/Editor/Data/Resources/UnitySubsystems
[Subsystems] Discovering subsystems at path C:/Users/droid/Downloads/Inventory-Tutorial-Series-master/Inventory-Tutorial-Series-master/InventorySeries/Assets
GfxDevice: creating device client; threaded=0
Direct3D:
    Version:  Direct3D 11.0 [level 11.1]
    Renderer: NVIDIA GeForce GTX 1050 Ti (ID=0x1c82)
    Vendor:   
    VRAM:     4018 MB
    Driver:   27.21.14.5671
Initialize mono
Mono path[0] = 'C:/Program Files/Unity/Hub/Editor/2020.2.7f1/Editor/Data/Managed'
Mono path[1] = 'C:/Program Files/Unity/Hub/Editor/2020.2.7f1/Editor/Data/MonoBleedingEdge/lib/mono/unityjit'
Mono config path = 'C:/Program Files/Unity/Hub/Editor/2020.2.7f1/Editor/Data/MonoBleedingEdge/etc'
Using monoOptions --debugger-agent=transport=dt_socket,embedding=1,server=y,suspend=n,address=127.0.0.1:56552
Begin MonoManager ReloadAssembly
Registering precompiled unity dll's ...
Register platform support module: C:/Program Files/Unity/Hub/Editor/2020.2.7f1/Editor/Data/PlaybackEngines/WebGLSupport/UnityEditor.WebGL.Extensions.dll
Register platform support module: C:/Program Files/Unity/Hub/Editor/2020.2.7f1/Editor/Data/PlaybackEngines/WindowsStandaloneSupport/UnityEditor.WindowsStandalone.Extensions.dll
Registered in 0.004033 seconds.
Native extension for WindowsStandalone target not found
Native extension for WebGL target not found
Refreshing native plugins compatible for Editor in 41.70 ms, found 0 plugins.
Preloading 0 native plugins for Editor in 0.00 ms.
Invoked RoslynAnalysisRunner static constructor.
RoslynAnalysisRunner will not be running.
RoslynAnalysisRunner has terminated.
Mono: successfully reloaded assembly
- Completed reload, in  1.355 seconds
Platform modules already initialized, skipping
Registering precompiled user dll's ...
Registered in 0.003123 seconds.
Begin MonoManager ReloadAssembly
Native extension for WindowsStandalone target not found
Native extension for WebGL target not found
Refreshing native plugins compatible for Editor in 0.46 ms, found 0 plugins.
Preloading 0 native plugins for Editor in 0.00 ms.
Invoked RoslynAnalysisRunner static constructor.
RoslynAnalysisRunner will not be running.
RoslynAnalysisRunner has terminated.
Mono: successfully reloaded assembly
- Completed reload, in  0.937 seconds
Platform modules already initialized, skipping
========================================================================
Worker process is ready to serve import requests
Launched and connected shader compiler UnityShaderCompiler.exe after 0.07 seconds
Refreshing native plugins compatible for Editor in 0.43 ms, found 0 plugins.
Preloading 0 native plugins for Editor in 0.00 ms.
Unloading 1421 Unused Serialized files (Serialized files now loaded: 0)
System memory in use before: 65.4 MB.
System memory in use after: 65.5 MB.

Unloading 33 unused Assets to reduce memory usage. Loaded Objects now: 1849.
Total: 2.321100 ms (FindLiveObjects: 0.216100 ms CreateObjectMapping: 0.040200 ms MarkObjects: 1.978200 ms  DeleteObjects: 0.085100 ms)

========================================================================
Received Import Request.
  path: Assets/Scenes/Game.unity
  artifactKey: Guid(2cda990e2423bbf4892e6590ba056729) Importer(815301076,1909f56bfc062723c751e8b465ee728b)
Start importing Assets/Scenes/Game.unity using Guid(2cda990e2423bbf4892e6590ba056729) Importer(815301076,1909f56bfc062723c751e8b465ee728b)  -> (artifact id: 'd6ac8f61e064b6a45d500feddb8e7f24') in 0.019115 seconds
  Import took 0.021560 seconds .

========================================================================
Received Prepare
Registering precompiled user dll's ...
Registered in 0.002895 seconds.
Begin MonoManager ReloadAssembly
Native extension for WindowsStandalone target not found
Native extension for WebGL target not found
Refreshing native plugins compatible for Editor in 0.45 ms, found 0 plugins.
Preloading 0 native plugins for Editor in 0.00 ms.
Invoked RoslynAnalysisRunner static constructor.
RoslynAnalysisRunner will not be running.
RoslynAnalysisRunner has terminated.
Mono: successfully reloaded assembly
- Completed reload, in  0.852 seconds
Platform modules already initialized, skipping
Refreshing native plugins compatible for Editor in 0.45 ms, found 0 plugins.
Preloading 0 native plugins for Editor in 0.00 ms.
Unloading 1415 Unused Serialized files (Serialized files now loaded: 0)
System memory in use before: 65.3 MB.
System memory in use after: 65.4 MB.

Unloading 24 unused Assets to reduce memory usage. Loaded Objects now: 1852.
Total: 1.877900 ms (FindLiveObjects: 0.176600 ms CreateObjectMapping: 0.038400 ms MarkObjects: 1.636300 ms  DeleteObjects: 0.025600 ms)

========================================================================
Received Prepare
Registering precompiled user dll's ...
Registered in 0.002927 seconds.
Begin MonoManager ReloadAssembly
Native extension for WindowsStandalone target not found
Native extension for WebGL target not found
Refreshing native plugins compatible for Editor in 0.47 ms, found 0 plugins.
Preloading 0 native plugins for Editor in 0.00 ms.
Invoked RoslynAnalysisRunner static constructor.
RoslynAnalysisRunner will not be running.
RoslynAnalysisRunner has terminated.
Mono: successfully reloaded assembly
- Completed reload, in  0.860 seconds
Platform modules already initialized, skipping
Refreshing native plugins compatible for Editor in 0.46 ms, found 0 plugins.
Preloading 0 native plugins for Editor in 0.00 ms.
Unloading 1415 Unused Serialized files (Serialized files now loaded: 0)
System memory in use before: 65.3 MB.
System memory in use after: 65.4 MB.

Unloading 24 unused Assets to reduce memory usage. Loaded Objects now: 1855.
Total: 1.833600 ms (FindLiveObjects: 0.190300 ms CreateObjectMapping: 0.034500 ms MarkObjects: 1.588900 ms  DeleteObjects: 0.018800 ms)

========================================================================
Received Prepare
Registering precompiled user dll's ...
Registered in 0.003065 seconds.
Begin MonoManager ReloadAssembly
Native extension for WindowsStandalone target not found
Native extension for WebGL target not found
Refreshing native plugins compatible for Editor in 0.47 ms, found 0 plugins.
Preloading 0 native plugins for Editor in 0.00 ms.
Invoked RoslynAnalysisRunner static constructor.
RoslynAnalysisRunner will not be running.
RoslynAnalysisRunner has terminated.
Mono: successfully reloaded assembly
- Completed reload, in  0.869 seconds
Platform modules already initialized, skipping
Refreshing native plugins compatible for Editor in 0.46 ms, found 0 plugins.
Preloading 0 native plugins for Editor in 0.00 ms.
Unloading 1415 Unused Serialized files (Serialized files now loaded: 0)
System memory in use before: 65.3 MB.
System memory in use after: 65.4 MB.

Unloading 24 unused Assets to reduce memory usage. Loaded Objects now: 1858.
Total: 1.819600 ms (FindLiveObjects: 0.170800 ms CreateObjectMapping: 0.034500 ms MarkObjects: 1.592900 ms  DeleteObjects: 0.020400 ms)

========================================================================
Received Import Request.
  Time since last request: 88719.637625 seconds.
  path: Assets/Scripts/SunItem.cs
  artifactKey: Guid(2ab72890807b136468d43bcd976ed8bd) Importer(815301076,1909f56bfc062723c751e8b465ee728b)
Start importing Assets/Scripts/SunItem.cs using Guid(2ab72890807b136468d43bcd976ed8bd) Importer(815301076,1909f56bfc062723c751e8b465ee728b)  -> (artifact id: 'd345ac1e9520c041ccb4492059c5e67e') in 0.115320 seconds
  Import took 0.163955 seconds .

========================================================================
Received Prepare
Registering precompiled user dll's ...
Registered in 0.003791 seconds.
Begin MonoManager ReloadAssembly
Native extension for WindowsStandalone target not found
Native extension for WebGL target not found
Refreshing native plugins compatible for Editor in 0.56 ms, found 0 plugins.
Preloading 0 native plugins for Editor in 0.00 ms.
Invoked RoslynAnalysisRunner static constructor.
RoslynAnalysisRunner will not be running.
RoslynAnalysisRunner has terminated.
Mono: successfully reloaded assembly
- Completed reload, in  1.080 seconds
Platform modules already initialized, skipping
Refreshing native plugins compatible for Editor in 0.47 ms, found 0 plugins.
Preloading 0 native plugins for Editor in 0.00 ms.
Unloading 1415 Unused Serialized files (Serialized files now loaded: 0)
System memory in use before: 65.4 MB.
System memory in use after: 65.5 MB.

Unloading 24 unused Assets to reduce memory usage. Loaded Objects now: 1861.
Total: 1.971900 ms (FindLiveObjects: 0.192400 ms CreateObjectMapping: 0.037700 ms MarkObjects: 1.718100 ms  DeleteObjects: 0.022800 ms)

========================================================================
Received Prepare
Registering precompiled user dll's ...
Registered in 0.003016 seconds.
Begin MonoManager ReloadAssembly
Native extension for WindowsStandalone target not found
Native extension for WebGL target not found
Refreshing native plugins compatible for Editor in 0.46 ms, found 0 plugins.
Preloading 0 native plugins for Editor in 0.00 ms.
Invoked RoslynAnalysisRunner static constructor.
RoslynAnalysisRunner will not be running.
RoslynAnalysisRunner has terminated.
Mono: successfully reloaded assembly
- Completed reload, in  0.862 seconds
Platform modules already initialized, skipping
Refreshing native plugins compatible for Editor in 0.47 ms, found 0 plugins.
Preloading 0 native plugins for Editor in 0.00 ms.
Unloading 1415 Unused Serialized files (Serialized files now loaded: 0)
System memory in use before: 65.4 MB.
System memory in use after: 65.5 MB.

Unloading 24 unused Assets to reduce memory usage. Loaded Objects now: 1864.
Total: 2.479300 ms (FindLiveObjects: 0.179800 ms CreateObjectMapping: 0.069800 ms MarkObjects: 2.153500 ms  DeleteObjects: 0.075200 ms)

========================================================================
Received Prepare
Registering precompiled user dll's ...
Registered in 0.003245 seconds.
Begin MonoManager ReloadAssembly
Native extension for WindowsStandalone target not found
Native extension for WebGL target not found
Refreshing native plugins compatible for Editor in 0.51 ms, found 0 plugins.
Preloading 0 native plugins for Editor in 0.00 ms.
Invoked RoslynAnalysisRunner static constructor.
RoslynAnalysisRunner will not be running.
RoslynAnalysisRunner has terminated.
Mono: successfully reloaded assembly
- Completed reload, in  0.930 seconds
Platform modules already initialized, skipping
Refreshing native plugins compatible for Editor in 0.51 ms, found 0 plugins.
Preloading 0 native plugins for Editor in 0.00 ms.
Unloading 1415 Unused Serialized files (Serialized files now loaded: 0)
System memory in use before: 65.4 MB.
System memory in use after: 65.5 MB.

Unloading 24 unused Assets to reduce memory usage. Loaded Objects now: 1867.
Total: 1.992300 ms (FindLiveObjects: 0.173700 ms CreateObjectMapping: 0.036200 ms MarkObjects: 1.758000 ms  DeleteObjects: 0.023300 ms)

========================================================================
Received Import Request.
  Time since last request: 469.842945 seconds.
  path: Assets/Scripts/WeaponItem.cs
  artifactKey: Guid(ebed2f5e0dc673444ae751d92eee51d1) Importer(815301076,1909f56bfc062723c751e8b465ee728b)
Start importing Assets/Scripts/WeaponItem.cs using Guid(ebed2f5e0dc673444ae751d92eee51d1) Importer(815301076,1909f56bfc062723c751e8b465ee728b)  -> (artifact id: 'a388fee7691ef2d8da1cf62bed4de686') in 0.012748 seconds
  Import took 0.015369 seconds .

========================================================================
Received Import Request.
  Time since last request: 75.480621 seconds.
  path: Assets/Prefabs/Buttons/FoodButton.prefab
  artifactKey: Guid(d0cc430a0aadf7341b6f1168d16d0fa4) Importer(815301076,1909f56bfc062723c751e8b465ee728b)
Start importing Assets/Prefabs/Buttons/FoodButton.prefab using Guid(d0cc430a0aadf7341b6f1168d16d0fa4) Importer(815301076,1909f56bfc062723c751e8b465ee728b)  -> (artifact id: 'd2399989cd12c97b9001c46e166783d4') in 0.090132 seconds
  Import took 0.093249 seconds .

========================================================================
Received Import Request.
  Time since last request: 0.000189 seconds.
  path: Assets/Prefabs/Buttons/HealthButton.prefab
  artifactKey: Guid(b1d00167fc3a9044a91fa627cdd2be58) Importer(815301076,1909f56bfc062723c751e8b465ee728b)
Start importing Assets/Prefabs/Buttons/HealthButton.prefab using Guid(b1d00167fc3a9044a91fa627cdd2be58) Importer(815301076,1909f56bfc062723c751e8b465ee728b)  -> (artifact id: 'f204fbf01aa7f5d8436f437723b60bf9') in 0.028737 seconds
  Import took 0.031589 seconds .

========================================================================
Received Import Request.
  Time since last request: 0.000225 seconds.
  path: Assets/Prefabs/Buttons/FoodButton.prefab
  artifactKey: Guid(d0cc430a0aadf7341b6f1168d16d0fa4) Importer(815301076,1909f56bfc062723c751e8b465ee728b)
Start importing Assets/Prefabs/Buttons/FoodButton.prefab using Guid(d0cc430a0aadf7341b6f1168d16d0fa4) Importer(815301076,1909f56bfc062723c751e8b465ee728b)  -> (artifact id: 'd2399989cd12c97b9001c46e166783d4') in 0.010942 seconds
  Import took 0.013556 seconds .

========================================================================
Received Import Request.
  Time since last request: 0.000199 seconds.
  path: Assets/Prefabs/Buttons/HealthButton.prefab
  artifactKey: Guid(b1d00167fc3a9044a91fa627cdd2be58) Importer(815301076,1909f56bfc062723c751e8b465ee728b)
Start importing Assets/Prefabs/Buttons/HealthButton.prefab using Guid(b1d00167fc3a9044a91fa627cdd2be58) Importer(815301076,1909f56bfc062723c751e8b465ee728b)  -> (artifact id: 'f204fbf01aa7f5d8436f437723b60bf9') in 0.009895 seconds
  Import took 0.012327 seconds .

========================================================================
Received Import Request.
  Time since last request: 0.000175 seconds.
  path: Assets/Prefabs/Buttons/SunButton.prefab
  artifactKey: Guid(fa99184f8f6a16b4eaa31513b4c94000) Importer(815301076,1909f56bfc062723c751e8b465ee728b)
Start importing Assets/Prefabs/Buttons/SunButton.prefab using Guid(fa99184f8f6a16b4eaa31513b4c94000) Importer(815301076,1909f56bfc062723c751e8b465ee728b)  -> (artifact id: 'd34309a6a38d311b894ea297a9556b5e') in 0.015122 seconds
  Import took 0.017571 seconds .

========================================================================
Received Import Request.
  Time since last request: 0.000195 seconds.
  path: Assets/Prefabs/Buttons/SwordButton.prefab
  artifactKey: Guid(8e476d81073b3624c8b12a1e0376b5e5) Importer(815301076,1909f56bfc062723c751e8b465ee728b)
Start importing Assets/Prefabs/Buttons/SwordButton.prefab using Guid(8e476d81073b3624c8b12a1e0376b5e5) Importer(815301076,1909f56bfc062723c751e8b465ee728b)  -> (artifact id: 'c4d846b7fdf4a108a0c05bcf18df27ec') in 0.014781 seconds
  Import took 0.017519 seconds .

========================================================================
Received Import Request.
  Time since last request: 65.868134 seconds.
  path: ProjectSettings/TagManager.asset
  artifactKey: Guid(00000000000000003000000000000000) Importer(815301076,1909f56bfc062723c751e8b465ee728b)
Start importing ProjectSettings/TagManager.asset using Guid(00000000000000003000000000000000) Importer(815301076,1909f56bfc062723c751e8b465ee728b)  -> (artifact id: '0530ba95c838ad1274f8ae604bfc6dae') in 0.010754 seconds
  Import took 0.013346 seconds .

========================================================================
Received Import Request.
  Time since last request: 4002.819116 seconds.
  path: Assets/Prefabs
  artifactKey: Guid(fd4de60acff7bb345918e1320fe72d09) Importer(815301076,1909f56bfc062723c751e8b465ee728b)
Start importing Assets/Prefabs using Guid(fd4de60acff7bb345918e1320fe72d09) Importer(815301076,1909f56bfc062723c751e8b465ee728b)  -> (artifact id: 'b70ccce0d68f0bc7ab15fcd6d0f214d1') in 0.010607 seconds
  Import took 0.014586 seconds .

========================================================================
Received Import Request.
  Time since last request: 510.604516 seconds.
  path: Assets/Scripts/PlayerController.cs
  artifactKey: Guid(015d7abb7eb5b044e8d7e9c1adc14861) Importer(815301076,1909f56bfc062723c751e8b465ee728b)
Start importing Assets/Scripts/PlayerController.cs using Guid(015d7abb7eb5b044e8d7e9c1adc14861) Importer(815301076,1909f56bfc062723c751e8b465ee728b)  -> (artifact id: '2b3cb8b3b4d30770f91bf7915a39205a') in 0.010731 seconds
  Import took 0.014478 seconds .

========================================================================
Received Import Request.
  Time since last request: 0.018827 seconds.
  path: Assets/Scripts/PlayerController.cs
  artifactKey: Guid(015d7abb7eb5b044e8d7e9c1adc14861) Importer(815301076,1909f56bfc062723c751e8b465ee728b)
Start importing Assets/Scripts/PlayerController.cs using Guid(015d7abb7eb5b044e8d7e9c1adc14861) Importer(815301076,1909f56bfc062723c751e8b465ee728b)  -> (artifact id: '2b3cb8b3b4d30770f91bf7915a39205a') in 0.004468 seconds
  Import took 0.006966 seconds .

========================================================================
Received Import Request.
  Time since last request: 784.589921 seconds.
  path: ProjectSettings/TagManager.asset
  artifactKey: Guid(00000000000000003000000000000000) Importer(815301076,1909f56bfc062723c751e8b465ee728b)
Start importing ProjectSettings/TagManager.asset using Guid(00000000000000003000000000000000) Importer(815301076,1909f56bfc062723c751e8b465ee728b)  -> (artifact id: '62e68d414c19b836989dc9aac8372892') in 0.009415 seconds
  Import took 0.013403 seconds .

AssetImportWorkerClient::OnTransportError - code=2 error=End of file
